2019-12-20 15:10:00,593 [main] INFO  org.mule.module.launcher.application.DefaultMuleApplication - 
++++++++++++++++++++++++++++++++++++++++++++++++++++++++++++
+ Initializing app 'worldview-process-api'                 +
++++++++++++++++++++++++++++++++++++++++++++++++++++++++++++
2019-12-20 15:10:00,608 [main] INFO  org.mule.lifecycle.AbstractLifecycleManager - Initialising RegistryBroker
2019-12-20 15:10:00,622 [main] INFO  org.mule.module.extension.internal.manager.DefaultExtensionManager - Starting discovery of extensions
2019-12-20 15:10:00,674 [main] INFO  org.mule.module.extension.internal.manager.DefaultExtensionManager - Discovered 1 extensions
2019-12-20 15:10:00,674 [main] INFO  org.mule.module.extension.internal.manager.DefaultExtensionManager - Registering extension validation (version 3.9)
2019-12-20 15:10:00,680 [main] INFO  org.mule.config.spring.MuleArtifactContext - Refreshing org.mule.config.spring.MuleArtifactContext@4d90d91f: startup date [Fri Dec 20 15:10:00 CST 2019]; parent: org.mule.config.spring.MuleDomainContext@47e4d9d0
2019-12-20 15:10:05,990 [main] WARN  org.mule.transport.http.builder.HttpHeaderDefinitionParser - Schema warning: Use of element <header> is deprecated.  HTTP transport is deprecated and will be removed in Mule 4.0. Use HTTP module instead..
2019-12-20 15:10:06,393 [main] INFO  org.mule.modules.security.placeholder.adapters.SecurePropertyPlaceholderModuleLicenseChecker - Loading properties file from class path resource [worldview-process-api-dev.properties]
2019-12-20 15:10:06,402 [main] INFO  org.springframework.context.support.PropertySourcesPlaceholderConfigurer - Loading properties file from class path resource [worldview-process-api-dev.properties]
2019-12-20 15:10:06,406 [main] INFO  org.springframework.context.support.PropertySourcesPlaceholderConfigurer - Loading properties file from class path resource [worldview-process-api-dev.properties]
2019-12-20 15:10:06,408 [main] INFO  org.mule.modules.security.placeholder.SecurePropertyPlaceholderModule - Loading properties file from class path resource [srs-domain-app-dev.properties]
2019-12-20 15:10:06,413 [main] INFO  org.mule.config.spring.processors.NoDevkitInjectorProcessor - JSR-330 'javax.inject.Inject' annotation found and supported for autowiring
2019-12-20 15:10:07,316 [main] WARN  org.mule.module.ognl.expression.OgnlExpressionEvaluator - OGNL module is deprecated and will be removed in Mule 4.0. Use MEL expressions instead.
2019-12-20 15:10:07,397 [main] INFO  org.mule.util.journal.TransactionJournal - Using files for tx logs /Users/asapkota/AnypointStudio6/srs-workspace/.mule/./.mule/worldview-process-api/queue-tx-log/tx1.log and /Users/asapkota/AnypointStudio6/srs-workspace/.mule/./.mule/worldview-process-api/queue-tx-log/tx2.log
2019-12-20 15:10:07,398 [main] INFO  org.mule.util.journal.TransactionJournal - Using files for tx logs /Users/asapkota/AnypointStudio6/srs-workspace/.mule/./.mule/worldview-process-api/queue-xa-tx-log/tx1.log and /Users/asapkota/AnypointStudio6/srs-workspace/.mule/./.mule/worldview-process-api/queue-xa-tx-log/tx2.log
2019-12-20 15:10:07,458 [main] INFO  org.mule.lifecycle.AbstractLifecycleManager - Initialising model: _muleSystemModel
2019-12-20 15:10:07,459 [main] INFO  org.mule.construct.FlowConstructLifecycleManager - Initialising flow: process-sqs-message-flow
2019-12-20 15:10:07,461 [main] INFO  org.mule.exception.CatchMessagingExceptionStrategy - Initialising exception listener: org.mule.exception.CatchMessagingExceptionStrategy@49c72fb7
2019-12-20 15:10:07,474 [main] INFO  org.mule.processor.SedaStageLifecycleManager - Initialising service: process-sqs-message-flow.stage1
2019-12-20 15:10:07,489 [main] INFO  org.mule.construct.FlowConstructLifecycleManager - Initialising flow: deadletter-error-handlingFlow
2019-12-20 15:10:07,489 [main] INFO  org.mule.exception.CatchMessagingExceptionStrategy - Initialising exception listener: org.mule.exception.CatchMessagingExceptionStrategy@19439ec4
2019-12-20 15:10:07,491 [main] INFO  org.mule.processor.SedaStageLifecycleManager - Initialising service: deadletter-error-handlingFlow.stage1
2019-12-20 15:10:07,500 [main] INFO  org.mule.construct.FlowConstructLifecycleManager - Initialising flow: invoke-errorhandling
2019-12-20 15:10:07,503 [main] INFO  org.mule.processor.SedaStageLifecycleManager - Initialising service: invoke-errorhandling.1
2019-12-20 15:10:07,503 [main] INFO  org.mule.exception.CatchMessagingExceptionStrategy - Initialising exception listener: org.mule.exception.CatchMessagingExceptionStrategy@969c2f9
2019-12-20 15:10:07,505 [main] INFO  org.mule.processor.SedaStageLifecycleManager - Initialising service: invoke-errorhandling.2
2019-12-20 15:10:07,505 [main] INFO  org.mule.exception.CatchMessagingExceptionStrategy - Initialising exception listener: org.mule.exception.CatchMessagingExceptionStrategy@129b0ed
2019-12-20 15:10:07,507 [main] INFO  org.mule.processor.SedaStageLifecycleManager - Initialising service: invoke-errorhandling.3
2019-12-20 15:10:07,507 [main] INFO  org.mule.exception.CatchMessagingExceptionStrategy - Initialising exception listener: org.mule.exception.CatchMessagingExceptionStrategy@90b9695
2019-12-20 15:10:07,509 [main] INFO  org.mule.processor.SedaStageLifecycleManager - Initialising service: invoke-errorhandling.4
2019-12-20 15:10:07,509 [main] INFO  org.mule.exception.CatchMessagingExceptionStrategy - Initialising exception listener: org.mule.exception.CatchMessagingExceptionStrategy@7c55e559
2019-12-20 15:10:07,511 [main] INFO  org.mule.processor.SedaStageLifecycleManager - Initialising service: invoke-errorhandling.5
2019-12-20 15:10:07,511 [main] INFO  org.mule.exception.CatchMessagingExceptionStrategy - Initialising exception listener: org.mule.exception.CatchMessagingExceptionStrategy@2ae0eb98
2019-12-20 15:10:07,513 [main] INFO  org.mule.processor.SedaStageLifecycleManager - Initialising service: invoke-errorhandling.stage1
2019-12-20 15:10:07,568 [main] INFO  org.mule.config.spring.SpringXmlConfigurationBuilder - Configured Mule using "org.mule.config.spring.SpringXmlConfigurationBuilder" with configuration resource(s): "[ConfigResource{resourceName='/Users/asapkota/AnypointStudio6/srs-workspace/.mule/apps/worldview-process-api/business-logic.xml'}, ConfigResource{resourceName='/Users/asapkota/AnypointStudio6/srs-workspace/.mule/apps/worldview-process-api/common-flow.xml'}, ConfigResource{resourceName='/Users/asapkota/AnypointStudio6/srs-workspace/.mule/apps/worldview-process-api/deadletter-error-logic.xml'}, ConfigResource{resourceName='/Users/asapkota/AnypointStudio6/srs-workspace/.mule/apps/worldview-process-api/global.xml'}, ConfigResource{resourceName='/Users/asapkota/AnypointStudio6/srs-workspace/.mule/apps/worldview-process-api/srs-common-exception-strategy.xml'}]"
2019-12-20 15:10:07,568 [main] INFO  org.mule.config.builders.AutoConfigurationBuilder - Configured Mule using "org.mule.config.builders.AutoConfigurationBuilder" with configuration resource(s): "[ConfigResource{resourceName='/Users/asapkota/AnypointStudio6/srs-workspace/.mule/apps/worldview-process-api/business-logic.xml'}, ConfigResource{resourceName='/Users/asapkota/AnypointStudio6/srs-workspace/.mule/apps/worldview-process-api/common-flow.xml'}, ConfigResource{resourceName='/Users/asapkota/AnypointStudio6/srs-workspace/.mule/apps/worldview-process-api/deadletter-error-logic.xml'}, ConfigResource{resourceName='/Users/asapkota/AnypointStudio6/srs-workspace/.mule/apps/worldview-process-api/global.xml'}, ConfigResource{resourceName='/Users/asapkota/AnypointStudio6/srs-workspace/.mule/apps/worldview-process-api/srs-common-exception-strategy.xml'}]"
2019-12-20 15:10:07,570 [main] INFO  com.mulesoft.module.policies.lifecyle.GateKeeper - GateKeeper Mode: DISABLED
2019-12-20 15:10:07,572 [main] INFO  org.mule.module.launcher.application.DefaultMuleApplication - 
++++++++++++++++++++++++++++++++++++++++++++++++++++++++++++
+ Starting app 'worldview-process-api'                     +
++++++++++++++++++++++++++++++++++++++++++++++++++++++++++++
2019-12-20 15:10:07,582 [main] INFO  org.mule.util.queue.QueueXaResourceManager - Starting ResourceManager
2019-12-20 15:10:07,582 [main] INFO  org.mule.util.queue.QueueXaResourceManager - Started ResourceManager
2019-12-20 15:10:07,587 [main] INFO  org.mule.modules.sqs.generated.agents.DefaultSplashScreenAgent - 
++++++++++++++++++++++++++++++++++++++++++++++++++++++++++++++++++++++++++++++++
+ DevKit Extensions (1) used in this application                               +
+ Amazon SQS 4.2.1 (DevKit 3.9.4 Build UNNAMED.2810.4347dd1)+                  +
++++++++++++++++++++++++++++++++++++++++++++++++++++++++++++++++++++++++++++++++
2019-12-20 15:10:07,590 [main] INFO  org.mule.lifecycle.AbstractLifecycleManager - Starting model: _muleSystemModel
2019-12-20 15:10:07,591 [main] INFO  org.mule.construct.FlowConstructLifecycleManager - Starting flow: process-sqs-message-flow
2019-12-20 15:10:07,592 [main] INFO  org.mule.processor.SedaStageLifecycleManager - Starting service: process-sqs-message-flow.stage1
2019-12-20 15:10:07,595 [main] INFO  org.mule.construct.FlowConstructLifecycleManager - Starting flow: deadletter-error-handlingFlow
2019-12-20 15:10:07,595 [main] INFO  org.mule.processor.SedaStageLifecycleManager - Starting service: deadletter-error-handlingFlow.stage1
2019-12-20 15:10:07,597 [main] INFO  org.mule.construct.FlowConstructLifecycleManager - Starting flow: invoke-errorhandling
2019-12-20 15:10:07,597 [main] INFO  org.mule.processor.SedaStageLifecycleManager - Starting service: invoke-errorhandling.1
2019-12-20 15:10:07,598 [main] INFO  org.mule.processor.SedaStageLifecycleManager - Starting service: invoke-errorhandling.2
2019-12-20 15:10:07,599 [main] INFO  org.mule.processor.SedaStageLifecycleManager - Starting service: invoke-errorhandling.3
2019-12-20 15:10:07,600 [main] INFO  org.mule.processor.SedaStageLifecycleManager - Starting service: invoke-errorhandling.4
2019-12-20 15:10:07,601 [main] INFO  org.mule.processor.SedaStageLifecycleManager - Starting service: invoke-errorhandling.5
2019-12-20 15:10:07,603 [main] INFO  org.mule.processor.SedaStageLifecycleManager - Starting service: invoke-errorhandling.stage1
2019-12-20 15:10:07,677 [main] INFO  org.mule.DefaultMuleContext - 
**********************************************************************
* Application: worldview-process-api                                 *
* OS encoding: /, Mule encoding: UTF-8                               *
*                                                                    *
* Agents Running:                                                    *
*   JMX Agent                                                        *
*   Batch module default engine                                      *
*   DevKit Extension Information                                     *
*   JMX Agent                                                        *
*   Wrapper Manager                                                  *
**********************************************************************
2019-12-23 08:30:07,292 [Receiving Thread] ERROR org.mule.modules.sqs.SQSConnector - There was an error while retrieving messages: com.amazonaws.1.11.79.shade.SdkClientException: Unable to execute HTTP request: sqs.us-east-1.amazonaws.com
2019-12-23 08:30:07,763 [Receiving Thread] ERROR org.mule.retry.notifiers.ConnectNotifier - Failed to connect/reconnect: Work Descriptor. Root Exception was: sqs.us-east-1.amazonaws.com. Type: class java.net.UnknownHostException
2019-12-23 08:30:07,791 [Receiving Thread] ERROR org.mule.exception.DefaultSystemExceptionStrategy - Caught exception in Exception Strategy: There was an error while retrieving messages.
org.mule.modules.sqs.model.SQSConnectorException: There was an error while retrieving messages.
	at org.mule.modules.sqs.SQSConnector.receiveMessages(SQSConnector.java:433) ~[mule-module-sqs-4.2.1.jar:?]
	at org.mule.modules.sqs.generated.sources.ReceiveMessagesMessageSource$1.process(ReceiveMessagesMessageSource.java:169) ~[mule-module-sqs-4.2.1.jar:?]
	at org.mule.security.oauth.process.ProcessCallbackProcessInterceptor.execute(ProcessCallbackProcessInterceptor.java:24) ~[mule-module-devkit-support-3.9.3.jar:3.9.3]
	at org.mule.devkit.3.9.4.internal.connection.management.ConnectionManagementProcessInterceptor.execute(ConnectionManagementProcessInterceptor.java:57) ~[mule-module-sqs-4.2.1.jar:?]
	at org.mule.devkit.3.9.4.internal.connection.management.ConnectionManagementProcessInterceptor.execute(ConnectionManagementProcessInterceptor.java:23) ~[mule-module-sqs-4.2.1.jar:?]
	at org.mule.security.oauth.process.RetryProcessInterceptor.execute(RetryProcessInterceptor.java:84) ~[mule-module-devkit-support-3.9.3.jar:3.9.3]
	at org.mule.devkit.3.9.4.internal.connection.management.ConnectionManagementProcessTemplate.execute(ConnectionManagementProcessTemplate.java:36) ~[mule-module-sqs-4.2.1.jar:?]
	at org.mule.modules.sqs.generated.sources.ReceiveMessagesMessageSource.run(ReceiveMessagesMessageSource.java:155) ~[mule-module-sqs-4.2.1.jar:?]
	at java.lang.Thread.run(Thread.java:748) [?:1.8.0_221]
Caused by: java.util.concurrent.ExecutionException: com.amazonaws.1.11.79.shade.SdkClientException: Unable to execute HTTP request: sqs.us-east-1.amazonaws.com
	at java.util.concurrent.FutureTask.report(FutureTask.java:122) ~[?:1.8.0_221]
	at java.util.concurrent.FutureTask.get(FutureTask.java:192) ~[?:1.8.0_221]
	at org.mule.modules.sqs.SQSConnector.receiveMessages(SQSConnector.java:413) ~[mule-module-sqs-4.2.1.jar:?]
	... 8 more
Caused by: com.amazonaws.1.11.79.shade.SdkClientException: Unable to execute HTTP request: sqs.us-east-1.amazonaws.com
	at com.amazonaws.1.11.79.shade.http.AmazonHttpClient$RequestExecutor.executeHelper(AmazonHttpClient.java:1043) ~[mule-module-sqs-4.2.1.jar:?]
	at com.amazonaws.1.11.79.shade.http.AmazonHttpClient$RequestExecutor.doExecute(AmazonHttpClient.java:747) ~[mule-module-sqs-4.2.1.jar:?]
	at com.amazonaws.1.11.79.shade.http.AmazonHttpClient$RequestExecutor.executeWithTimer(AmazonHttpClient.java:721) ~[mule-module-sqs-4.2.1.jar:?]
	at com.amazonaws.1.11.79.shade.http.AmazonHttpClient$RequestExecutor.execute(AmazonHttpClient.java:704) ~[mule-module-sqs-4.2.1.jar:?]
	at com.amazonaws.1.11.79.shade.http.AmazonHttpClient$RequestExecutor.access$500(AmazonHttpClient.java:672) ~[mule-module-sqs-4.2.1.jar:?]
	at com.amazonaws.1.11.79.shade.http.AmazonHttpClient$RequestExecutionBuilderImpl.execute(AmazonHttpClient.java:654) ~[mule-module-sqs-4.2.1.jar:?]
	at com.amazonaws.1.11.79.shade.http.AmazonHttpClient.execute(AmazonHttpClient.java:518) ~[mule-module-sqs-4.2.1.jar:?]
	at com.amazonaws.1.11.79.shade.services.sqs.AmazonSQSClient.doInvoke(AmazonSQSClient.java:1665) ~[mule-module-sqs-4.2.1.jar:?]
	at com.amazonaws.1.11.79.shade.services.sqs.AmazonSQSClient.invoke(AmazonSQSClient.java:1641) ~[mule-module-sqs-4.2.1.jar:?]
	at com.amazonaws.1.11.79.shade.services.sqs.AmazonSQSClient.receiveMessage(AmazonSQSClient.java:1271) ~[mule-module-sqs-4.2.1.jar:?]
	at com.amazonaws.1.11.79.shade.services.sqs.AmazonSQSAsyncClient$13.call(AmazonSQSAsyncClient.java:948) ~[mule-module-sqs-4.2.1.jar:?]
	at com.amazonaws.1.11.79.shade.services.sqs.AmazonSQSAsyncClient$13.call(AmazonSQSAsyncClient.java:942) ~[mule-module-sqs-4.2.1.jar:?]
	at java.util.concurrent.FutureTask.run(FutureTask.java:266) ~[?:1.8.0_221]
	at java.util.concurrent.ThreadPoolExecutor.runWorker(ThreadPoolExecutor.java:1149) [?:1.8.0_221]
	at java.util.concurrent.ThreadPoolExecutor$Worker.run(ThreadPoolExecutor.java:624) [?:1.8.0_221]
	... 1 more
Caused by: java.net.UnknownHostException: sqs.us-east-1.amazonaws.com
	at java.net.InetAddress.getAllByName0(InetAddress.java:1281) ~[?:1.8.0_221]
	at java.net.InetAddress.getAllByName(InetAddress.java:1193) ~[?:1.8.0_221]
	at java.net.InetAddress.getAllByName(InetAddress.java:1127) ~[?:1.8.0_221]
	at com.amazonaws.1.11.79.shade.SystemDefaultDnsResolver.resolve(SystemDefaultDnsResolver.java:27) ~[mule-module-sqs-4.2.1.jar:?]
	at com.amazonaws.1.11.79.shade.http.DelegatingDnsResolver.resolve(DelegatingDnsResolver.java:38) ~[mule-module-sqs-4.2.1.jar:?]
	at org.apache.http.4.5.2.shade.impl.conn.DefaultHttpClientConnectionOperator.connect(DefaultHttpClientConnectionOperator.java:111) ~[mule-module-sqs-4.2.1.jar:?]
	at org.apache.http.4.5.2.shade.impl.conn.PoolingHttpClientConnectionManager.connect(PoolingHttpClientConnectionManager.java:353) ~[mule-module-sqs-4.2.1.jar:?]
	at sun.reflect.GeneratedMethodAccessor75.invoke(Unknown Source) ~[?:?]
	at sun.reflect.DelegatingMethodAccessorImpl.invoke(DelegatingMethodAccessorImpl.java:43) ~[?:1.8.0_221]
	at java.lang.reflect.Method.invoke(Method.java:498) ~[?:1.8.0_221]
	at com.amazonaws.1.11.79.shade.http.conn.ClientConnectionManagerFactory$Handler.invoke(ClientConnectionManagerFactory.java:76) ~[mule-module-sqs-4.2.1.jar:?]
	at com.amazonaws.1.11.79.shade.http.conn.$Proxy47.connect(Unknown Source) ~[?:?]
	at org.apache.http.4.5.2.shade.impl.execchain.MainClientExec.establishRoute(MainClientExec.java:380) ~[mule-module-sqs-4.2.1.jar:?]
	at org.apache.http.4.5.2.shade.impl.execchain.MainClientExec.execute(MainClientExec.java:236) ~[mule-module-sqs-4.2.1.jar:?]
	at org.apache.http.4.5.2.shade.impl.execchain.ProtocolExec.execute(ProtocolExec.java:184) ~[mule-module-sqs-4.2.1.jar:?]
	at org.apache.http.4.5.2.shade.impl.client.InternalHttpClient.doExecute(InternalHttpClient.java:184) ~[mule-module-sqs-4.2.1.jar:?]
	at org.apache.http.4.5.2.shade.impl.client.CloseableHttpClient.execute(CloseableHttpClient.java:82) ~[mule-module-sqs-4.2.1.jar:?]
	at org.apache.http.4.5.2.shade.impl.client.CloseableHttpClient.execute(CloseableHttpClient.java:55) ~[mule-module-sqs-4.2.1.jar:?]
	at com.amazonaws.1.11.79.shade.http.apache.client.impl.SdkHttpClient.execute(SdkHttpClient.java:72) ~[mule-module-sqs-4.2.1.jar:?]
	at com.amazonaws.1.11.79.shade.http.AmazonHttpClient$RequestExecutor.executeOneRequest(AmazonHttpClient.java:1186) ~[mule-module-sqs-4.2.1.jar:?]
	at com.amazonaws.1.11.79.shade.http.AmazonHttpClient$RequestExecutor.executeHelper(AmazonHttpClient.java:1035) ~[mule-module-sqs-4.2.1.jar:?]
	at com.amazonaws.1.11.79.shade.http.AmazonHttpClient$RequestExecutor.doExecute(AmazonHttpClient.java:747) ~[mule-module-sqs-4.2.1.jar:?]
	at com.amazonaws.1.11.79.shade.http.AmazonHttpClient$RequestExecutor.executeWithTimer(AmazonHttpClient.java:721) ~[mule-module-sqs-4.2.1.jar:?]
	at com.amazonaws.1.11.79.shade.http.AmazonHttpClient$RequestExecutor.execute(AmazonHttpClient.java:704) ~[mule-module-sqs-4.2.1.jar:?]
	at com.amazonaws.1.11.79.shade.http.AmazonHttpClient$RequestExecutor.access$500(AmazonHttpClient.java:672) ~[mule-module-sqs-4.2.1.jar:?]
	at com.amazonaws.1.11.79.shade.http.AmazonHttpClient$RequestExecutionBuilderImpl.execute(AmazonHttpClient.java:654) ~[mule-module-sqs-4.2.1.jar:?]
	at com.amazonaws.1.11.79.shade.http.AmazonHttpClient.execute(AmazonHttpClient.java:518) ~[mule-module-sqs-4.2.1.jar:?]
	at com.amazonaws.1.11.79.shade.services.sqs.AmazonSQSClient.doInvoke(AmazonSQSClient.java:1665) ~[mule-module-sqs-4.2.1.jar:?]
	at com.amazonaws.1.11.79.shade.services.sqs.AmazonSQSClient.invoke(AmazonSQSClient.java:1641) ~[mule-module-sqs-4.2.1.jar:?]
	at com.amazonaws.1.11.79.shade.services.sqs.AmazonSQSClient.receiveMessage(AmazonSQSClient.java:1271) ~[mule-module-sqs-4.2.1.jar:?]
	at com.amazonaws.1.11.79.shade.services.sqs.AmazonSQSAsyncClient$13.call(AmazonSQSAsyncClient.java:948) ~[mule-module-sqs-4.2.1.jar:?]
	at com.amazonaws.1.11.79.shade.services.sqs.AmazonSQSAsyncClient$13.call(AmazonSQSAsyncClient.java:942) ~[mule-module-sqs-4.2.1.jar:?]
	at java.util.concurrent.FutureTask.run(FutureTask.java:266) ~[?:1.8.0_221]
	at java.util.concurrent.ThreadPoolExecutor.runWorker(ThreadPoolExecutor.java:1149) ~[?:1.8.0_221]
	at java.util.concurrent.ThreadPoolExecutor$Worker.run(ThreadPoolExecutor.java:624) ~[?:1.8.0_221]
	... 1 more
2019-12-23 08:30:11,789 [Receiving Thread] ERROR org.mule.modules.sqs.SQSConnector - There was an error while retrieving messages: com.amazonaws.1.11.79.shade.SdkClientException: Unable to execute HTTP request: sqs.us-east-1.amazonaws.com
2019-12-23 08:30:11,792 [Receiving Thread] ERROR org.mule.retry.notifiers.ConnectNotifier - Failed to connect/reconnect: Work Descriptor. Root Exception was: sqs.us-east-1.amazonaws.com. Type: class java.net.UnknownHostException
2019-12-23 08:30:11,793 [Receiving Thread] ERROR org.mule.exception.DefaultSystemExceptionStrategy - Caught exception in Exception Strategy: There was an error while retrieving messages.
org.mule.modules.sqs.model.SQSConnectorException: There was an error while retrieving messages.
	at org.mule.modules.sqs.SQSConnector.receiveMessages(SQSConnector.java:433) ~[mule-module-sqs-4.2.1.jar:?]
	at org.mule.modules.sqs.generated.sources.ReceiveMessagesMessageSource$1.process(ReceiveMessagesMessageSource.java:169) ~[mule-module-sqs-4.2.1.jar:?]
	at org.mule.security.oauth.process.ProcessCallbackProcessInterceptor.execute(ProcessCallbackProcessInterceptor.java:24) ~[mule-module-devkit-support-3.9.3.jar:3.9.3]
	at org.mule.devkit.3.9.4.internal.connection.management.ConnectionManagementProcessInterceptor.execute(ConnectionManagementProcessInterceptor.java:57) ~[mule-module-sqs-4.2.1.jar:?]
	at org.mule.devkit.3.9.4.internal.connection.management.ConnectionManagementProcessInterceptor.execute(ConnectionManagementProcessInterceptor.java:23) ~[mule-module-sqs-4.2.1.jar:?]
	at org.mule.security.oauth.process.RetryProcessInterceptor.execute(RetryProcessInterceptor.java:84) ~[mule-module-devkit-support-3.9.3.jar:3.9.3]
	at org.mule.devkit.3.9.4.internal.connection.management.ConnectionManagementProcessTemplate.execute(ConnectionManagementProcessTemplate.java:36) ~[mule-module-sqs-4.2.1.jar:?]
	at org.mule.modules.sqs.generated.sources.ReceiveMessagesMessageSource.run(ReceiveMessagesMessageSource.java:155) ~[mule-module-sqs-4.2.1.jar:?]
	at java.lang.Thread.run(Thread.java:748) [?:1.8.0_221]
Caused by: java.util.concurrent.ExecutionException: com.amazonaws.1.11.79.shade.SdkClientException: Unable to execute HTTP request: sqs.us-east-1.amazonaws.com
	at java.util.concurrent.FutureTask.report(FutureTask.java:122) ~[?:1.8.0_221]
	at java.util.concurrent.FutureTask.get(FutureTask.java:192) ~[?:1.8.0_221]
	at org.mule.modules.sqs.SQSConnector.receiveMessages(SQSConnector.java:413) ~[mule-module-sqs-4.2.1.jar:?]
	... 8 more
Caused by: com.amazonaws.1.11.79.shade.SdkClientException: Unable to execute HTTP request: sqs.us-east-1.amazonaws.com
	at com.amazonaws.1.11.79.shade.http.AmazonHttpClient$RequestExecutor.executeHelper(AmazonHttpClient.java:1043) ~[mule-module-sqs-4.2.1.jar:?]
	at com.amazonaws.1.11.79.shade.http.AmazonHttpClient$RequestExecutor.doExecute(AmazonHttpClient.java:747) ~[mule-module-sqs-4.2.1.jar:?]
	at com.amazonaws.1.11.79.shade.http.AmazonHttpClient$RequestExecutor.executeWithTimer(AmazonHttpClient.java:721) ~[mule-module-sqs-4.2.1.jar:?]
	at com.amazonaws.1.11.79.shade.http.AmazonHttpClient$RequestExecutor.execute(AmazonHttpClient.java:704) ~[mule-module-sqs-4.2.1.jar:?]
	at com.amazonaws.1.11.79.shade.http.AmazonHttpClient$RequestExecutor.access$500(AmazonHttpClient.java:672) ~[mule-module-sqs-4.2.1.jar:?]
	at com.amazonaws.1.11.79.shade.http.AmazonHttpClient$RequestExecutionBuilderImpl.execute(AmazonHttpClient.java:654) ~[mule-module-sqs-4.2.1.jar:?]
	at com.amazonaws.1.11.79.shade.http.AmazonHttpClient.execute(AmazonHttpClient.java:518) ~[mule-module-sqs-4.2.1.jar:?]
	at com.amazonaws.1.11.79.shade.services.sqs.AmazonSQSClient.doInvoke(AmazonSQSClient.java:1665) ~[mule-module-sqs-4.2.1.jar:?]
	at com.amazonaws.1.11.79.shade.services.sqs.AmazonSQSClient.invoke(AmazonSQSClient.java:1641) ~[mule-module-sqs-4.2.1.jar:?]
	at com.amazonaws.1.11.79.shade.services.sqs.AmazonSQSClient.receiveMessage(AmazonSQSClient.java:1271) ~[mule-module-sqs-4.2.1.jar:?]
	at com.amazonaws.1.11.79.shade.services.sqs.AmazonSQSAsyncClient$13.call(AmazonSQSAsyncClient.java:948) ~[mule-module-sqs-4.2.1.jar:?]
	at com.amazonaws.1.11.79.shade.services.sqs.AmazonSQSAsyncClient$13.call(AmazonSQSAsyncClient.java:942) ~[mule-module-sqs-4.2.1.jar:?]
	at java.util.concurrent.FutureTask.run(FutureTask.java:266) ~[?:1.8.0_221]
	at java.util.concurrent.ThreadPoolExecutor.runWorker(ThreadPoolExecutor.java:1149) [?:1.8.0_221]
	at java.util.concurrent.ThreadPoolExecutor$Worker.run(ThreadPoolExecutor.java:624) [?:1.8.0_221]
	... 1 more
Caused by: java.net.UnknownHostException: sqs.us-east-1.amazonaws.com
	at java.net.InetAddress.getAllByName0(InetAddress.java:1281) ~[?:1.8.0_221]
	at java.net.InetAddress.getAllByName(InetAddress.java:1193) ~[?:1.8.0_221]
	at java.net.InetAddress.getAllByName(InetAddress.java:1127) ~[?:1.8.0_221]
	at com.amazonaws.1.11.79.shade.SystemDefaultDnsResolver.resolve(SystemDefaultDnsResolver.java:27) ~[mule-module-sqs-4.2.1.jar:?]
	at com.amazonaws.1.11.79.shade.http.DelegatingDnsResolver.resolve(DelegatingDnsResolver.java:38) ~[mule-module-sqs-4.2.1.jar:?]
	at org.apache.http.4.5.2.shade.impl.conn.DefaultHttpClientConnectionOperator.connect(DefaultHttpClientConnectionOperator.java:111) ~[mule-module-sqs-4.2.1.jar:?]
	at org.apache.http.4.5.2.shade.impl.conn.PoolingHttpClientConnectionManager.connect(PoolingHttpClientConnectionManager.java:353) ~[mule-module-sqs-4.2.1.jar:?]
	at sun.reflect.GeneratedMethodAccessor75.invoke(Unknown Source) ~[?:?]
	at sun.reflect.DelegatingMethodAccessorImpl.invoke(DelegatingMethodAccessorImpl.java:43) ~[?:1.8.0_221]
	at java.lang.reflect.Method.invoke(Method.java:498) ~[?:1.8.0_221]
	at com.amazonaws.1.11.79.shade.http.conn.ClientConnectionManagerFactory$Handler.invoke(ClientConnectionManagerFactory.java:76) ~[mule-module-sqs-4.2.1.jar:?]
	at com.amazonaws.1.11.79.shade.http.conn.$Proxy47.connect(Unknown Source) ~[?:?]
	at org.apache.http.4.5.2.shade.impl.execchain.MainClientExec.establishRoute(MainClientExec.java:380) ~[mule-module-sqs-4.2.1.jar:?]
	at org.apache.http.4.5.2.shade.impl.execchain.MainClientExec.execute(MainClientExec.java:236) ~[mule-module-sqs-4.2.1.jar:?]
	at org.apache.http.4.5.2.shade.impl.execchain.ProtocolExec.execute(ProtocolExec.java:184) ~[mule-module-sqs-4.2.1.jar:?]
	at org.apache.http.4.5.2.shade.impl.client.InternalHttpClient.doExecute(InternalHttpClient.java:184) ~[mule-module-sqs-4.2.1.jar:?]
	at org.apache.http.4.5.2.shade.impl.client.CloseableHttpClient.execute(CloseableHttpClient.java:82) ~[mule-module-sqs-4.2.1.jar:?]
	at org.apache.http.4.5.2.shade.impl.client.CloseableHttpClient.execute(CloseableHttpClient.java:55) ~[mule-module-sqs-4.2.1.jar:?]
	at com.amazonaws.1.11.79.shade.http.apache.client.impl.SdkHttpClient.execute(SdkHttpClient.java:72) ~[mule-module-sqs-4.2.1.jar:?]
	at com.amazonaws.1.11.79.shade.http.AmazonHttpClient$RequestExecutor.executeOneRequest(AmazonHttpClient.java:1186) ~[mule-module-sqs-4.2.1.jar:?]
	at com.amazonaws.1.11.79.shade.http.AmazonHttpClient$RequestExecutor.executeHelper(AmazonHttpClient.java:1035) ~[mule-module-sqs-4.2.1.jar:?]
	at com.amazonaws.1.11.79.shade.http.AmazonHttpClient$RequestExecutor.doExecute(AmazonHttpClient.java:747) ~[mule-module-sqs-4.2.1.jar:?]
	at com.amazonaws.1.11.79.shade.http.AmazonHttpClient$RequestExecutor.executeWithTimer(AmazonHttpClient.java:721) ~[mule-module-sqs-4.2.1.jar:?]
	at com.amazonaws.1.11.79.shade.http.AmazonHttpClient$RequestExecutor.execute(AmazonHttpClient.java:704) ~[mule-module-sqs-4.2.1.jar:?]
	at com.amazonaws.1.11.79.shade.http.AmazonHttpClient$RequestExecutor.access$500(AmazonHttpClient.java:672) ~[mule-module-sqs-4.2.1.jar:?]
	at com.amazonaws.1.11.79.shade.http.AmazonHttpClient$RequestExecutionBuilderImpl.execute(AmazonHttpClient.java:654) ~[mule-module-sqs-4.2.1.jar:?]
	at com.amazonaws.1.11.79.shade.http.AmazonHttpClient.execute(AmazonHttpClient.java:518) ~[mule-module-sqs-4.2.1.jar:?]
	at com.amazonaws.1.11.79.shade.services.sqs.AmazonSQSClient.doInvoke(AmazonSQSClient.java:1665) ~[mule-module-sqs-4.2.1.jar:?]
	at com.amazonaws.1.11.79.shade.services.sqs.AmazonSQSClient.invoke(AmazonSQSClient.java:1641) ~[mule-module-sqs-4.2.1.jar:?]
	at com.amazonaws.1.11.79.shade.services.sqs.AmazonSQSClient.receiveMessage(AmazonSQSClient.java:1271) ~[mule-module-sqs-4.2.1.jar:?]
	at com.amazonaws.1.11.79.shade.services.sqs.AmazonSQSAsyncClient$13.call(AmazonSQSAsyncClient.java:948) ~[mule-module-sqs-4.2.1.jar:?]
	at com.amazonaws.1.11.79.shade.services.sqs.AmazonSQSAsyncClient$13.call(AmazonSQSAsyncClient.java:942) ~[mule-module-sqs-4.2.1.jar:?]
	at java.util.concurrent.FutureTask.run(FutureTask.java:266) ~[?:1.8.0_221]
	at java.util.concurrent.ThreadPoolExecutor.runWorker(ThreadPoolExecutor.java:1149) ~[?:1.8.0_221]
	at java.util.concurrent.ThreadPoolExecutor$Worker.run(ThreadPoolExecutor.java:624) ~[?:1.8.0_221]
	... 1 more
2019-12-23 10:09:37,406 [main] INFO  org.mule.module.launcher.application.DefaultMuleApplication - 
++++++++++++++++++++++++++++++++++++++++++++++++++++++++++++
+ Initializing app 'worldview-process-api'                 +
++++++++++++++++++++++++++++++++++++++++++++++++++++++++++++
2019-12-23 10:09:37,422 [main] INFO  org.mule.lifecycle.AbstractLifecycleManager - Initialising RegistryBroker
2019-12-23 10:09:37,439 [main] INFO  org.mule.module.extension.internal.manager.DefaultExtensionManager - Starting discovery of extensions
2019-12-23 10:09:37,498 [main] INFO  org.mule.module.extension.internal.manager.DefaultExtensionManager - Discovered 1 extensions
2019-12-23 10:09:37,498 [main] INFO  org.mule.module.extension.internal.manager.DefaultExtensionManager - Registering extension validation (version 3.9)
2019-12-23 10:09:37,504 [main] INFO  org.mule.config.spring.MuleArtifactContext - Refreshing org.mule.config.spring.MuleArtifactContext@55cb3b7: startup date [Mon Dec 23 10:09:37 CST 2019]; parent: org.mule.config.spring.MuleDomainContext@675ffd1d
2019-12-23 10:09:42,950 [main] WARN  org.mule.transport.http.builder.HttpHeaderDefinitionParser - Schema warning: Use of element <header> is deprecated.  HTTP transport is deprecated and will be removed in Mule 4.0. Use HTTP module instead..
2019-12-23 10:09:43,422 [main] INFO  org.mule.modules.security.placeholder.adapters.SecurePropertyPlaceholderModuleLicenseChecker - Loading properties file from class path resource [worldview-process-api-dev.properties]
2019-12-23 10:09:43,431 [main] INFO  org.springframework.context.support.PropertySourcesPlaceholderConfigurer - Loading properties file from class path resource [worldview-process-api-dev.properties]
2019-12-23 10:09:43,434 [main] INFO  org.springframework.context.support.PropertySourcesPlaceholderConfigurer - Loading properties file from class path resource [worldview-process-api-dev.properties]
2019-12-23 10:09:43,437 [main] INFO  org.mule.modules.security.placeholder.SecurePropertyPlaceholderModule - Loading properties file from class path resource [srs-domain-app-dev.properties]
2019-12-23 10:09:43,443 [main] INFO  org.mule.config.spring.processors.NoDevkitInjectorProcessor - JSR-330 'javax.inject.Inject' annotation found and supported for autowiring
2019-12-23 10:09:44,304 [main] WARN  org.mule.module.ognl.expression.OgnlExpressionEvaluator - OGNL module is deprecated and will be removed in Mule 4.0. Use MEL expressions instead.
2019-12-23 10:09:44,382 [main] INFO  org.mule.util.journal.TransactionJournal - Using files for tx logs /Users/asapkota/AnypointStudio6/srs-workspace/.mule/./.mule/worldview-process-api/queue-tx-log/tx1.log and /Users/asapkota/AnypointStudio6/srs-workspace/.mule/./.mule/worldview-process-api/queue-tx-log/tx2.log
2019-12-23 10:09:44,383 [main] INFO  org.mule.util.journal.TransactionJournal - Using files for tx logs /Users/asapkota/AnypointStudio6/srs-workspace/.mule/./.mule/worldview-process-api/queue-xa-tx-log/tx1.log and /Users/asapkota/AnypointStudio6/srs-workspace/.mule/./.mule/worldview-process-api/queue-xa-tx-log/tx2.log
2019-12-23 10:09:44,448 [main] INFO  org.mule.lifecycle.AbstractLifecycleManager - Initialising model: _muleSystemModel
2019-12-23 10:09:44,449 [main] INFO  org.mule.construct.FlowConstructLifecycleManager - Initialising flow: process-sqs-message-flow
2019-12-23 10:09:44,450 [main] INFO  org.mule.exception.CatchMessagingExceptionStrategy - Initialising exception listener: org.mule.exception.CatchMessagingExceptionStrategy@70fcd3e5
2019-12-23 10:09:44,466 [main] INFO  org.mule.processor.SedaStageLifecycleManager - Initialising service: process-sqs-message-flow.stage1
2019-12-23 10:09:44,481 [main] INFO  org.mule.construct.FlowConstructLifecycleManager - Initialising flow: deadletter-error-handlingFlow
2019-12-23 10:09:44,481 [main] INFO  org.mule.exception.CatchMessagingExceptionStrategy - Initialising exception listener: org.mule.exception.CatchMessagingExceptionStrategy@11e75942
2019-12-23 10:09:44,483 [main] INFO  org.mule.processor.SedaStageLifecycleManager - Initialising service: deadletter-error-handlingFlow.stage1
2019-12-23 10:09:44,492 [main] INFO  org.mule.construct.FlowConstructLifecycleManager - Initialising flow: invoke-errorhandling
2019-12-23 10:09:44,495 [main] INFO  org.mule.processor.SedaStageLifecycleManager - Initialising service: invoke-errorhandling.1
2019-12-23 10:09:44,495 [main] INFO  org.mule.exception.CatchMessagingExceptionStrategy - Initialising exception listener: org.mule.exception.CatchMessagingExceptionStrategy@6f09cb98
2019-12-23 10:09:44,497 [main] INFO  org.mule.processor.SedaStageLifecycleManager - Initialising service: invoke-errorhandling.2
2019-12-23 10:09:44,497 [main] INFO  org.mule.exception.CatchMessagingExceptionStrategy - Initialising exception listener: org.mule.exception.CatchMessagingExceptionStrategy@5da41d02
2019-12-23 10:09:44,499 [main] INFO  org.mule.processor.SedaStageLifecycleManager - Initialising service: invoke-errorhandling.3
2019-12-23 10:09:44,499 [main] INFO  org.mule.exception.CatchMessagingExceptionStrategy - Initialising exception listener: org.mule.exception.CatchMessagingExceptionStrategy@25031fd4
2019-12-23 10:09:44,501 [main] INFO  org.mule.processor.SedaStageLifecycleManager - Initialising service: invoke-errorhandling.4
2019-12-23 10:09:44,501 [main] INFO  org.mule.exception.CatchMessagingExceptionStrategy - Initialising exception listener: org.mule.exception.CatchMessagingExceptionStrategy@798753cc
2019-12-23 10:09:44,502 [main] INFO  org.mule.processor.SedaStageLifecycleManager - Initialising service: invoke-errorhandling.5
2019-12-23 10:09:44,502 [main] INFO  org.mule.exception.CatchMessagingExceptionStrategy - Initialising exception listener: org.mule.exception.CatchMessagingExceptionStrategy@7325b786
2019-12-23 10:09:44,504 [main] INFO  org.mule.processor.SedaStageLifecycleManager - Initialising service: invoke-errorhandling.stage1
2019-12-23 10:09:44,559 [main] INFO  org.mule.config.spring.SpringXmlConfigurationBuilder - Configured Mule using "org.mule.config.spring.SpringXmlConfigurationBuilder" with configuration resource(s): "[ConfigResource{resourceName='/Users/asapkota/AnypointStudio6/srs-workspace/.mule/apps/worldview-process-api/business-logic.xml'}, ConfigResource{resourceName='/Users/asapkota/AnypointStudio6/srs-workspace/.mule/apps/worldview-process-api/common-flow.xml'}, ConfigResource{resourceName='/Users/asapkota/AnypointStudio6/srs-workspace/.mule/apps/worldview-process-api/deadletter-error-logic.xml'}, ConfigResource{resourceName='/Users/asapkota/AnypointStudio6/srs-workspace/.mule/apps/worldview-process-api/global.xml'}, ConfigResource{resourceName='/Users/asapkota/AnypointStudio6/srs-workspace/.mule/apps/worldview-process-api/srs-common-exception-strategy.xml'}]"
2019-12-23 10:09:44,559 [main] INFO  org.mule.config.builders.AutoConfigurationBuilder - Configured Mule using "org.mule.config.builders.AutoConfigurationBuilder" with configuration resource(s): "[ConfigResource{resourceName='/Users/asapkota/AnypointStudio6/srs-workspace/.mule/apps/worldview-process-api/business-logic.xml'}, ConfigResource{resourceName='/Users/asapkota/AnypointStudio6/srs-workspace/.mule/apps/worldview-process-api/common-flow.xml'}, ConfigResource{resourceName='/Users/asapkota/AnypointStudio6/srs-workspace/.mule/apps/worldview-process-api/deadletter-error-logic.xml'}, ConfigResource{resourceName='/Users/asapkota/AnypointStudio6/srs-workspace/.mule/apps/worldview-process-api/global.xml'}, ConfigResource{resourceName='/Users/asapkota/AnypointStudio6/srs-workspace/.mule/apps/worldview-process-api/srs-common-exception-strategy.xml'}]"
2019-12-23 10:09:44,560 [main] INFO  com.mulesoft.module.policies.lifecyle.GateKeeper - GateKeeper Mode: DISABLED
2019-12-23 10:09:44,562 [main] INFO  org.mule.module.launcher.application.DefaultMuleApplication - 
++++++++++++++++++++++++++++++++++++++++++++++++++++++++++++
+ Starting app 'worldview-process-api'                     +
++++++++++++++++++++++++++++++++++++++++++++++++++++++++++++
2019-12-23 10:09:44,574 [main] INFO  org.mule.util.queue.QueueXaResourceManager - Starting ResourceManager
2019-12-23 10:09:44,574 [main] INFO  org.mule.util.queue.QueueXaResourceManager - Started ResourceManager
2019-12-23 10:09:44,580 [main] INFO  org.mule.modules.sqs.generated.agents.DefaultSplashScreenAgent - 
++++++++++++++++++++++++++++++++++++++++++++++++++++++++++++++++++++++++++++++++
+ DevKit Extensions (1) used in this application                               +
+ Amazon SQS 4.2.1 (DevKit 3.9.4 Build UNNAMED.2810.4347dd1)+                  +
++++++++++++++++++++++++++++++++++++++++++++++++++++++++++++++++++++++++++++++++
2019-12-23 10:09:44,583 [main] INFO  org.mule.lifecycle.AbstractLifecycleManager - Starting model: _muleSystemModel
2019-12-23 10:09:44,584 [main] INFO  org.mule.construct.FlowConstructLifecycleManager - Starting flow: process-sqs-message-flow
2019-12-23 10:09:44,584 [main] INFO  org.mule.processor.SedaStageLifecycleManager - Starting service: process-sqs-message-flow.stage1
2019-12-23 10:09:44,587 [main] INFO  org.mule.construct.FlowConstructLifecycleManager - Starting flow: deadletter-error-handlingFlow
2019-12-23 10:09:44,587 [main] INFO  org.mule.processor.SedaStageLifecycleManager - Starting service: deadletter-error-handlingFlow.stage1
2019-12-23 10:09:44,589 [main] INFO  org.mule.construct.FlowConstructLifecycleManager - Starting flow: invoke-errorhandling
2019-12-23 10:09:44,589 [main] INFO  org.mule.processor.SedaStageLifecycleManager - Starting service: invoke-errorhandling.1
2019-12-23 10:09:44,590 [main] INFO  org.mule.processor.SedaStageLifecycleManager - Starting service: invoke-errorhandling.2
2019-12-23 10:09:44,591 [main] INFO  org.mule.processor.SedaStageLifecycleManager - Starting service: invoke-errorhandling.3
2019-12-23 10:09:44,592 [main] INFO  org.mule.processor.SedaStageLifecycleManager - Starting service: invoke-errorhandling.4
2019-12-23 10:09:44,593 [main] INFO  org.mule.processor.SedaStageLifecycleManager - Starting service: invoke-errorhandling.5
2019-12-23 10:09:44,594 [main] INFO  org.mule.processor.SedaStageLifecycleManager - Starting service: invoke-errorhandling.stage1
2019-12-23 10:09:44,661 [main] INFO  org.mule.DefaultMuleContext - 
**********************************************************************
* Application: worldview-process-api                                 *
* OS encoding: /, Mule encoding: UTF-8                               *
*                                                                    *
* Agents Running:                                                    *
*   JMX Agent                                                        *
*   Batch module default engine                                      *
*   DevKit Extension Information                                     *
*   JMX Agent                                                        *
*   Wrapper Manager                                                  *
**********************************************************************
2019-12-23 13:26:59,522 [Receiving Thread] ERROR org.mule.modules.sqs.SQSConnector - There was an error while retrieving messages: com.amazonaws.1.11.79.shade.SdkClientException: Unable to execute HTTP request: sqs.us-east-1.amazonaws.com
2019-12-23 13:26:59,525 [Receiving Thread] ERROR org.mule.retry.notifiers.ConnectNotifier - Failed to connect/reconnect: Work Descriptor. Root Exception was: sqs.us-east-1.amazonaws.com. Type: class java.net.UnknownHostException
2019-12-23 13:26:59,526 [Receiving Thread] ERROR org.mule.exception.DefaultSystemExceptionStrategy - Caught exception in Exception Strategy: There was an error while retrieving messages.
org.mule.modules.sqs.model.SQSConnectorException: There was an error while retrieving messages.
	at org.mule.modules.sqs.SQSConnector.receiveMessages(SQSConnector.java:433) ~[mule-module-sqs-4.2.1.jar:?]
	at org.mule.modules.sqs.generated.sources.ReceiveMessagesMessageSource$1.process(ReceiveMessagesMessageSource.java:169) ~[mule-module-sqs-4.2.1.jar:?]
	at org.mule.security.oauth.process.ProcessCallbackProcessInterceptor.execute(ProcessCallbackProcessInterceptor.java:24) ~[mule-module-devkit-support-3.9.3.jar:3.9.3]
	at org.mule.devkit.3.9.4.internal.connection.management.ConnectionManagementProcessInterceptor.execute(ConnectionManagementProcessInterceptor.java:57) ~[mule-module-sqs-4.2.1.jar:?]
	at org.mule.devkit.3.9.4.internal.connection.management.ConnectionManagementProcessInterceptor.execute(ConnectionManagementProcessInterceptor.java:23) ~[mule-module-sqs-4.2.1.jar:?]
	at org.mule.security.oauth.process.RetryProcessInterceptor.execute(RetryProcessInterceptor.java:84) ~[mule-module-devkit-support-3.9.3.jar:3.9.3]
	at org.mule.devkit.3.9.4.internal.connection.management.ConnectionManagementProcessTemplate.execute(ConnectionManagementProcessTemplate.java:36) ~[mule-module-sqs-4.2.1.jar:?]
	at org.mule.modules.sqs.generated.sources.ReceiveMessagesMessageSource.run(ReceiveMessagesMessageSource.java:155) ~[mule-module-sqs-4.2.1.jar:?]
	at java.lang.Thread.run(Thread.java:748) [?:1.8.0_221]
Caused by: java.util.concurrent.ExecutionException: com.amazonaws.1.11.79.shade.SdkClientException: Unable to execute HTTP request: sqs.us-east-1.amazonaws.com
	at java.util.concurrent.FutureTask.report(FutureTask.java:122) ~[?:1.8.0_221]
	at java.util.concurrent.FutureTask.get(FutureTask.java:192) ~[?:1.8.0_221]
	at org.mule.modules.sqs.SQSConnector.receiveMessages(SQSConnector.java:413) ~[mule-module-sqs-4.2.1.jar:?]
	... 8 more
Caused by: com.amazonaws.1.11.79.shade.SdkClientException: Unable to execute HTTP request: sqs.us-east-1.amazonaws.com
	at com.amazonaws.1.11.79.shade.http.AmazonHttpClient$RequestExecutor.executeHelper(AmazonHttpClient.java:1043) ~[mule-module-sqs-4.2.1.jar:?]
	at com.amazonaws.1.11.79.shade.http.AmazonHttpClient$RequestExecutor.doExecute(AmazonHttpClient.java:747) ~[mule-module-sqs-4.2.1.jar:?]
	at com.amazonaws.1.11.79.shade.http.AmazonHttpClient$RequestExecutor.executeWithTimer(AmazonHttpClient.java:721) ~[mule-module-sqs-4.2.1.jar:?]
	at com.amazonaws.1.11.79.shade.http.AmazonHttpClient$RequestExecutor.execute(AmazonHttpClient.java:704) ~[mule-module-sqs-4.2.1.jar:?]
	at com.amazonaws.1.11.79.shade.http.AmazonHttpClient$RequestExecutor.access$500(AmazonHttpClient.java:672) ~[mule-module-sqs-4.2.1.jar:?]
	at com.amazonaws.1.11.79.shade.http.AmazonHttpClient$RequestExecutionBuilderImpl.execute(AmazonHttpClient.java:654) ~[mule-module-sqs-4.2.1.jar:?]
	at com.amazonaws.1.11.79.shade.http.AmazonHttpClient.execute(AmazonHttpClient.java:518) ~[mule-module-sqs-4.2.1.jar:?]
	at com.amazonaws.1.11.79.shade.services.sqs.AmazonSQSClient.doInvoke(AmazonSQSClient.java:1665) ~[mule-module-sqs-4.2.1.jar:?]
	at com.amazonaws.1.11.79.shade.services.sqs.AmazonSQSClient.invoke(AmazonSQSClient.java:1641) ~[mule-module-sqs-4.2.1.jar:?]
	at com.amazonaws.1.11.79.shade.services.sqs.AmazonSQSClient.receiveMessage(AmazonSQSClient.java:1271) ~[mule-module-sqs-4.2.1.jar:?]
	at com.amazonaws.1.11.79.shade.services.sqs.AmazonSQSAsyncClient$13.call(AmazonSQSAsyncClient.java:948) ~[mule-module-sqs-4.2.1.jar:?]
	at com.amazonaws.1.11.79.shade.services.sqs.AmazonSQSAsyncClient$13.call(AmazonSQSAsyncClient.java:942) ~[mule-module-sqs-4.2.1.jar:?]
	at java.util.concurrent.FutureTask.run(FutureTask.java:266) ~[?:1.8.0_221]
	at java.util.concurrent.ThreadPoolExecutor.runWorker(ThreadPoolExecutor.java:1149) [?:1.8.0_221]
	at java.util.concurrent.ThreadPoolExecutor$Worker.run(ThreadPoolExecutor.java:624) [?:1.8.0_221]
	... 1 more
Caused by: java.net.UnknownHostException: sqs.us-east-1.amazonaws.com
	at java.net.InetAddress.getAllByName0(InetAddress.java:1281) ~[?:1.8.0_221]
	at java.net.InetAddress.getAllByName(InetAddress.java:1193) ~[?:1.8.0_221]
	at java.net.InetAddress.getAllByName(InetAddress.java:1127) ~[?:1.8.0_221]
	at com.amazonaws.1.11.79.shade.SystemDefaultDnsResolver.resolve(SystemDefaultDnsResolver.java:27) ~[mule-module-sqs-4.2.1.jar:?]
	at com.amazonaws.1.11.79.shade.http.DelegatingDnsResolver.resolve(DelegatingDnsResolver.java:38) ~[mule-module-sqs-4.2.1.jar:?]
	at org.apache.http.4.5.2.shade.impl.conn.DefaultHttpClientConnectionOperator.connect(DefaultHttpClientConnectionOperator.java:111) ~[mule-module-sqs-4.2.1.jar:?]
	at org.apache.http.4.5.2.shade.impl.conn.PoolingHttpClientConnectionManager.connect(PoolingHttpClientConnectionManager.java:353) ~[mule-module-sqs-4.2.1.jar:?]
	at sun.reflect.GeneratedMethodAccessor171.invoke(Unknown Source) ~[?:?]
	at sun.reflect.DelegatingMethodAccessorImpl.invoke(DelegatingMethodAccessorImpl.java:43) ~[?:1.8.0_221]
	at java.lang.reflect.Method.invoke(Method.java:498) ~[?:1.8.0_221]
	at com.amazonaws.1.11.79.shade.http.conn.ClientConnectionManagerFactory$Handler.invoke(ClientConnectionManagerFactory.java:76) ~[mule-module-sqs-4.2.1.jar:?]
	at com.amazonaws.1.11.79.shade.http.conn.$Proxy47.connect(Unknown Source) ~[?:?]
	at org.apache.http.4.5.2.shade.impl.execchain.MainClientExec.establishRoute(MainClientExec.java:380) ~[mule-module-sqs-4.2.1.jar:?]
	at org.apache.http.4.5.2.shade.impl.execchain.MainClientExec.execute(MainClientExec.java:236) ~[mule-module-sqs-4.2.1.jar:?]
	at org.apache.http.4.5.2.shade.impl.execchain.ProtocolExec.execute(ProtocolExec.java:184) ~[mule-module-sqs-4.2.1.jar:?]
	at org.apache.http.4.5.2.shade.impl.client.InternalHttpClient.doExecute(InternalHttpClient.java:184) ~[mule-module-sqs-4.2.1.jar:?]
	at org.apache.http.4.5.2.shade.impl.client.CloseableHttpClient.execute(CloseableHttpClient.java:82) ~[mule-module-sqs-4.2.1.jar:?]
	at org.apache.http.4.5.2.shade.impl.client.CloseableHttpClient.execute(CloseableHttpClient.java:55) ~[mule-module-sqs-4.2.1.jar:?]
	at com.amazonaws.1.11.79.shade.http.apache.client.impl.SdkHttpClient.execute(SdkHttpClient.java:72) ~[mule-module-sqs-4.2.1.jar:?]
	at com.amazonaws.1.11.79.shade.http.AmazonHttpClient$RequestExecutor.executeOneRequest(AmazonHttpClient.java:1186) ~[mule-module-sqs-4.2.1.jar:?]
	at com.amazonaws.1.11.79.shade.http.AmazonHttpClient$RequestExecutor.executeHelper(AmazonHttpClient.java:1035) ~[mule-module-sqs-4.2.1.jar:?]
	at com.amazonaws.1.11.79.shade.http.AmazonHttpClient$RequestExecutor.doExecute(AmazonHttpClient.java:747) ~[mule-module-sqs-4.2.1.jar:?]
	at com.amazonaws.1.11.79.shade.http.AmazonHttpClient$RequestExecutor.executeWithTimer(AmazonHttpClient.java:721) ~[mule-module-sqs-4.2.1.jar:?]
	at com.amazonaws.1.11.79.shade.http.AmazonHttpClient$RequestExecutor.execute(AmazonHttpClient.java:704) ~[mule-module-sqs-4.2.1.jar:?]
	at com.amazonaws.1.11.79.shade.http.AmazonHttpClient$RequestExecutor.access$500(AmazonHttpClient.java:672) ~[mule-module-sqs-4.2.1.jar:?]
	at com.amazonaws.1.11.79.shade.http.AmazonHttpClient$RequestExecutionBuilderImpl.execute(AmazonHttpClient.java:654) ~[mule-module-sqs-4.2.1.jar:?]
	at com.amazonaws.1.11.79.shade.http.AmazonHttpClient.execute(AmazonHttpClient.java:518) ~[mule-module-sqs-4.2.1.jar:?]
	at com.amazonaws.1.11.79.shade.services.sqs.AmazonSQSClient.doInvoke(AmazonSQSClient.java:1665) ~[mule-module-sqs-4.2.1.jar:?]
	at com.amazonaws.1.11.79.shade.services.sqs.AmazonSQSClient.invoke(AmazonSQSClient.java:1641) ~[mule-module-sqs-4.2.1.jar:?]
	at com.amazonaws.1.11.79.shade.services.sqs.AmazonSQSClient.receiveMessage(AmazonSQSClient.java:1271) ~[mule-module-sqs-4.2.1.jar:?]
	at com.amazonaws.1.11.79.shade.services.sqs.AmazonSQSAsyncClient$13.call(AmazonSQSAsyncClient.java:948) ~[mule-module-sqs-4.2.1.jar:?]
	at com.amazonaws.1.11.79.shade.services.sqs.AmazonSQSAsyncClient$13.call(AmazonSQSAsyncClient.java:942) ~[mule-module-sqs-4.2.1.jar:?]
	at java.util.concurrent.FutureTask.run(FutureTask.java:266) ~[?:1.8.0_221]
	at java.util.concurrent.ThreadPoolExecutor.runWorker(ThreadPoolExecutor.java:1149) ~[?:1.8.0_221]
	at java.util.concurrent.ThreadPoolExecutor$Worker.run(ThreadPoolExecutor.java:624) ~[?:1.8.0_221]
	... 1 more
2019-12-23 13:27:01,844 [Receiving Thread] ERROR org.mule.modules.sqs.SQSConnector - There was an error while retrieving messages: com.amazonaws.1.11.79.shade.SdkClientException: Unable to execute HTTP request: sqs.us-east-1.amazonaws.com
2019-12-23 13:27:01,846 [Receiving Thread] ERROR org.mule.retry.notifiers.ConnectNotifier - Failed to connect/reconnect: Work Descriptor. Root Exception was: sqs.us-east-1.amazonaws.com. Type: class java.net.UnknownHostException
2019-12-23 13:27:01,847 [Receiving Thread] ERROR org.mule.exception.DefaultSystemExceptionStrategy - Caught exception in Exception Strategy: There was an error while retrieving messages.
org.mule.modules.sqs.model.SQSConnectorException: There was an error while retrieving messages.
	at org.mule.modules.sqs.SQSConnector.receiveMessages(SQSConnector.java:433) ~[mule-module-sqs-4.2.1.jar:?]
	at org.mule.modules.sqs.generated.sources.ReceiveMessagesMessageSource$1.process(ReceiveMessagesMessageSource.java:169) ~[mule-module-sqs-4.2.1.jar:?]
	at org.mule.security.oauth.process.ProcessCallbackProcessInterceptor.execute(ProcessCallbackProcessInterceptor.java:24) ~[mule-module-devkit-support-3.9.3.jar:3.9.3]
	at org.mule.devkit.3.9.4.internal.connection.management.ConnectionManagementProcessInterceptor.execute(ConnectionManagementProcessInterceptor.java:57) ~[mule-module-sqs-4.2.1.jar:?]
	at org.mule.devkit.3.9.4.internal.connection.management.ConnectionManagementProcessInterceptor.execute(ConnectionManagementProcessInterceptor.java:23) ~[mule-module-sqs-4.2.1.jar:?]
	at org.mule.security.oauth.process.RetryProcessInterceptor.execute(RetryProcessInterceptor.java:84) ~[mule-module-devkit-support-3.9.3.jar:3.9.3]
	at org.mule.devkit.3.9.4.internal.connection.management.ConnectionManagementProcessTemplate.execute(ConnectionManagementProcessTemplate.java:36) ~[mule-module-sqs-4.2.1.jar:?]
	at org.mule.modules.sqs.generated.sources.ReceiveMessagesMessageSource.run(ReceiveMessagesMessageSource.java:155) ~[mule-module-sqs-4.2.1.jar:?]
	at java.lang.Thread.run(Thread.java:748) [?:1.8.0_221]
Caused by: java.util.concurrent.ExecutionException: com.amazonaws.1.11.79.shade.SdkClientException: Unable to execute HTTP request: sqs.us-east-1.amazonaws.com
	at java.util.concurrent.FutureTask.report(FutureTask.java:122) ~[?:1.8.0_221]
	at java.util.concurrent.FutureTask.get(FutureTask.java:192) ~[?:1.8.0_221]
	at org.mule.modules.sqs.SQSConnector.receiveMessages(SQSConnector.java:413) ~[mule-module-sqs-4.2.1.jar:?]
	... 8 more
Caused by: com.amazonaws.1.11.79.shade.SdkClientException: Unable to execute HTTP request: sqs.us-east-1.amazonaws.com
	at com.amazonaws.1.11.79.shade.http.AmazonHttpClient$RequestExecutor.executeHelper(AmazonHttpClient.java:1043) ~[mule-module-sqs-4.2.1.jar:?]
	at com.amazonaws.1.11.79.shade.http.AmazonHttpClient$RequestExecutor.doExecute(AmazonHttpClient.java:747) ~[mule-module-sqs-4.2.1.jar:?]
	at com.amazonaws.1.11.79.shade.http.AmazonHttpClient$RequestExecutor.executeWithTimer(AmazonHttpClient.java:721) ~[mule-module-sqs-4.2.1.jar:?]
	at com.amazonaws.1.11.79.shade.http.AmazonHttpClient$RequestExecutor.execute(AmazonHttpClient.java:704) ~[mule-module-sqs-4.2.1.jar:?]
	at com.amazonaws.1.11.79.shade.http.AmazonHttpClient$RequestExecutor.access$500(AmazonHttpClient.java:672) ~[mule-module-sqs-4.2.1.jar:?]
	at com.amazonaws.1.11.79.shade.http.AmazonHttpClient$RequestExecutionBuilderImpl.execute(AmazonHttpClient.java:654) ~[mule-module-sqs-4.2.1.jar:?]
	at com.amazonaws.1.11.79.shade.http.AmazonHttpClient.execute(AmazonHttpClient.java:518) ~[mule-module-sqs-4.2.1.jar:?]
	at com.amazonaws.1.11.79.shade.services.sqs.AmazonSQSClient.doInvoke(AmazonSQSClient.java:1665) ~[mule-module-sqs-4.2.1.jar:?]
	at com.amazonaws.1.11.79.shade.services.sqs.AmazonSQSClient.invoke(AmazonSQSClient.java:1641) ~[mule-module-sqs-4.2.1.jar:?]
	at com.amazonaws.1.11.79.shade.services.sqs.AmazonSQSClient.receiveMessage(AmazonSQSClient.java:1271) ~[mule-module-sqs-4.2.1.jar:?]
	at com.amazonaws.1.11.79.shade.services.sqs.AmazonSQSAsyncClient$13.call(AmazonSQSAsyncClient.java:948) ~[mule-module-sqs-4.2.1.jar:?]
	at com.amazonaws.1.11.79.shade.services.sqs.AmazonSQSAsyncClient$13.call(AmazonSQSAsyncClient.java:942) ~[mule-module-sqs-4.2.1.jar:?]
	at java.util.concurrent.FutureTask.run(FutureTask.java:266) ~[?:1.8.0_221]
	at java.util.concurrent.ThreadPoolExecutor.runWorker(ThreadPoolExecutor.java:1149) [?:1.8.0_221]
	at java.util.concurrent.ThreadPoolExecutor$Worker.run(ThreadPoolExecutor.java:624) [?:1.8.0_221]
	... 1 more
Caused by: java.net.UnknownHostException: sqs.us-east-1.amazonaws.com
	at java.net.InetAddress.getAllByName0(InetAddress.java:1281) ~[?:1.8.0_221]
	at java.net.InetAddress.getAllByName(InetAddress.java:1193) ~[?:1.8.0_221]
	at java.net.InetAddress.getAllByName(InetAddress.java:1127) ~[?:1.8.0_221]
	at com.amazonaws.1.11.79.shade.SystemDefaultDnsResolver.resolve(SystemDefaultDnsResolver.java:27) ~[mule-module-sqs-4.2.1.jar:?]
	at com.amazonaws.1.11.79.shade.http.DelegatingDnsResolver.resolve(DelegatingDnsResolver.java:38) ~[mule-module-sqs-4.2.1.jar:?]
	at org.apache.http.4.5.2.shade.impl.conn.DefaultHttpClientConnectionOperator.connect(DefaultHttpClientConnectionOperator.java:111) ~[mule-module-sqs-4.2.1.jar:?]
	at org.apache.http.4.5.2.shade.impl.conn.PoolingHttpClientConnectionManager.connect(PoolingHttpClientConnectionManager.java:353) ~[mule-module-sqs-4.2.1.jar:?]
	at sun.reflect.GeneratedMethodAccessor171.invoke(Unknown Source) ~[?:?]
	at sun.reflect.DelegatingMethodAccessorImpl.invoke(DelegatingMethodAccessorImpl.java:43) ~[?:1.8.0_221]
	at java.lang.reflect.Method.invoke(Method.java:498) ~[?:1.8.0_221]
	at com.amazonaws.1.11.79.shade.http.conn.ClientConnectionManagerFactory$Handler.invoke(ClientConnectionManagerFactory.java:76) ~[mule-module-sqs-4.2.1.jar:?]
	at com.amazonaws.1.11.79.shade.http.conn.$Proxy47.connect(Unknown Source) ~[?:?]
	at org.apache.http.4.5.2.shade.impl.execchain.MainClientExec.establishRoute(MainClientExec.java:380) ~[mule-module-sqs-4.2.1.jar:?]
	at org.apache.http.4.5.2.shade.impl.execchain.MainClientExec.execute(MainClientExec.java:236) ~[mule-module-sqs-4.2.1.jar:?]
	at org.apache.http.4.5.2.shade.impl.execchain.ProtocolExec.execute(ProtocolExec.java:184) ~[mule-module-sqs-4.2.1.jar:?]
	at org.apache.http.4.5.2.shade.impl.client.InternalHttpClient.doExecute(InternalHttpClient.java:184) ~[mule-module-sqs-4.2.1.jar:?]
	at org.apache.http.4.5.2.shade.impl.client.CloseableHttpClient.execute(CloseableHttpClient.java:82) ~[mule-module-sqs-4.2.1.jar:?]
	at org.apache.http.4.5.2.shade.impl.client.CloseableHttpClient.execute(CloseableHttpClient.java:55) ~[mule-module-sqs-4.2.1.jar:?]
	at com.amazonaws.1.11.79.shade.http.apache.client.impl.SdkHttpClient.execute(SdkHttpClient.java:72) ~[mule-module-sqs-4.2.1.jar:?]
	at com.amazonaws.1.11.79.shade.http.AmazonHttpClient$RequestExecutor.executeOneRequest(AmazonHttpClient.java:1186) ~[mule-module-sqs-4.2.1.jar:?]
	at com.amazonaws.1.11.79.shade.http.AmazonHttpClient$RequestExecutor.executeHelper(AmazonHttpClient.java:1035) ~[mule-module-sqs-4.2.1.jar:?]
	at com.amazonaws.1.11.79.shade.http.AmazonHttpClient$RequestExecutor.doExecute(AmazonHttpClient.java:747) ~[mule-module-sqs-4.2.1.jar:?]
	at com.amazonaws.1.11.79.shade.http.AmazonHttpClient$RequestExecutor.executeWithTimer(AmazonHttpClient.java:721) ~[mule-module-sqs-4.2.1.jar:?]
	at com.amazonaws.1.11.79.shade.http.AmazonHttpClient$RequestExecutor.execute(AmazonHttpClient.java:704) ~[mule-module-sqs-4.2.1.jar:?]
	at com.amazonaws.1.11.79.shade.http.AmazonHttpClient$RequestExecutor.access$500(AmazonHttpClient.java:672) ~[mule-module-sqs-4.2.1.jar:?]
	at com.amazonaws.1.11.79.shade.http.AmazonHttpClient$RequestExecutionBuilderImpl.execute(AmazonHttpClient.java:654) ~[mule-module-sqs-4.2.1.jar:?]
	at com.amazonaws.1.11.79.shade.http.AmazonHttpClient.execute(AmazonHttpClient.java:518) ~[mule-module-sqs-4.2.1.jar:?]
	at com.amazonaws.1.11.79.shade.services.sqs.AmazonSQSClient.doInvoke(AmazonSQSClient.java:1665) ~[mule-module-sqs-4.2.1.jar:?]
	at com.amazonaws.1.11.79.shade.services.sqs.AmazonSQSClient.invoke(AmazonSQSClient.java:1641) ~[mule-module-sqs-4.2.1.jar:?]
	at com.amazonaws.1.11.79.shade.services.sqs.AmazonSQSClient.receiveMessage(AmazonSQSClient.java:1271) ~[mule-module-sqs-4.2.1.jar:?]
	at com.amazonaws.1.11.79.shade.services.sqs.AmazonSQSAsyncClient$13.call(AmazonSQSAsyncClient.java:948) ~[mule-module-sqs-4.2.1.jar:?]
	at com.amazonaws.1.11.79.shade.services.sqs.AmazonSQSAsyncClient$13.call(AmazonSQSAsyncClient.java:942) ~[mule-module-sqs-4.2.1.jar:?]
	at java.util.concurrent.FutureTask.run(FutureTask.java:266) ~[?:1.8.0_221]
	at java.util.concurrent.ThreadPoolExecutor.runWorker(ThreadPoolExecutor.java:1149) ~[?:1.8.0_221]
	at java.util.concurrent.ThreadPoolExecutor$Worker.run(ThreadPoolExecutor.java:624) ~[?:1.8.0_221]
	... 1 more
